<?xml version="1.0" encoding="UTF-8"?>
<!-- Generated by org.testng.reporters.JUnitReportReporter -->
<testsuite skipped="0" hostname="DESKTOP-FID49DI" name="com.testScript.MedChart_Test" tests="1" failures="0" timestamp="13 Dec 2021 12:47:46 GMT" time="90.086" errors="0">
  <testcase name="createAlterRequest" time="90.086" classname="com.testScript.MedChart_Test"/>
</testsuite> <!-- com.testScript.MedChart_Test -->
